13:05:07,487  INFO ContextLoader:285 - Root WebApplicationContext: initialization started
13:05:07,597  INFO XmlWebApplicationContext:513 - Refreshing Root WebApplicationContext: startup date [Wed Sep 10 13:05:07 EAT 2014]; root of context hierarchy
13:05:07,658  INFO XmlBeanDefinitionReader:316 - Loading XML bean definitions from class path resource [beans.xml]
13:05:07,912  INFO PropertyPlaceholderConfigurer:172 - Loading properties file from ServletContext resource [/WEB-INF/jdbc.properties]
13:05:08,075 ERROR ContextLoader:331 - Context initialization failed
org.springframework.beans.factory.BeanCreationException: Error creating bean with name 'employeeDAO' defined in class path resource [beans.xml]: Cannot resolve reference to bean 'sessionFactory' while setting bean property 'sessionFactory'; nested exception is org.springframework.beans.factory.BeanCreationException: Error creating bean with name 'sessionFactory' defined in class path resource [beans.xml]: Invocation of init method failed; nested exception is java.lang.IncompatibleClassChangeError: Implementing class
	at org.springframework.beans.factory.support.BeanDefinitionValueResolver.resolveReference(BeanDefinitionValueResolver.java:336)
	at org.springframework.beans.factory.support.BeanDefinitionValueResolver.resolveValueIfNecessary(BeanDefinitionValueResolver.java:108)
	at org.springframework.beans.factory.support.AbstractAutowireCapableBeanFactory.applyPropertyValues(AbstractAutowireCapableBeanFactory.java:1471)
	at org.springframework.beans.factory.support.AbstractAutowireCapableBeanFactory.populateBean(AbstractAutowireCapableBeanFactory.java:1216)
	at org.springframework.beans.factory.support.AbstractAutowireCapableBeanFactory.doCreateBean(AbstractAutowireCapableBeanFactory.java:538)
	at org.springframework.beans.factory.support.AbstractAutowireCapableBeanFactory.createBean(AbstractAutowireCapableBeanFactory.java:476)
	at org.springframework.beans.factory.support.AbstractBeanFactory$1.getObject(AbstractBeanFactory.java:302)
	at org.springframework.beans.factory.support.DefaultSingletonBeanRegistry.getSingleton(DefaultSingletonBeanRegistry.java:229)
	at org.springframework.beans.factory.support.AbstractBeanFactory.doGetBean(AbstractBeanFactory.java:298)
	at org.springframework.beans.factory.support.AbstractBeanFactory.getBean(AbstractBeanFactory.java:193)
	at org.springframework.beans.factory.support.DefaultListableBeanFactory.preInstantiateSingletons(DefaultListableBeanFactory.java:725)
	at org.springframework.context.support.AbstractApplicationContext.finishBeanFactoryInitialization(AbstractApplicationContext.java:760)
	at org.springframework.context.support.AbstractApplicationContext.refresh(AbstractApplicationContext.java:482)
	at org.springframework.web.context.ContextLoader.configureAndRefreshWebApplicationContext(ContextLoader.java:403)
	at org.springframework.web.context.ContextLoader.initWebApplicationContext(ContextLoader.java:306)
	at org.springframework.web.context.ContextLoaderListener.contextInitialized(ContextLoaderListener.java:106)
	at org.mortbay.jetty.handler.ContextHandler.startContext(ContextHandler.java:540)
	at org.mortbay.jetty.servlet.Context.startContext(Context.java:135)
	at org.mortbay.jetty.webapp.WebAppContext.startContext(WebAppContext.java:1220)
	at org.mortbay.jetty.handler.ContextHandler.doStart(ContextHandler.java:510)
	at org.mortbay.jetty.webapp.WebAppContext.doStart(WebAppContext.java:448)
	at org.mortbay.jetty.plugin.Jetty6PluginWebAppContext.doStart(Jetty6PluginWebAppContext.java:110)
	at org.mortbay.component.AbstractLifeCycle.start(AbstractLifeCycle.java:39)
	at org.mortbay.jetty.handler.HandlerCollection.doStart(HandlerCollection.java:152)
	at org.mortbay.jetty.handler.ContextHandlerCollection.doStart(ContextHandlerCollection.java:156)
	at org.mortbay.component.AbstractLifeCycle.start(AbstractLifeCycle.java:39)
	at org.mortbay.jetty.handler.HandlerCollection.doStart(HandlerCollection.java:152)
	at org.mortbay.component.AbstractLifeCycle.start(AbstractLifeCycle.java:39)
	at org.mortbay.jetty.handler.HandlerWrapper.doStart(HandlerWrapper.java:130)
	at org.mortbay.jetty.Server.doStart(Server.java:222)
	at org.mortbay.component.AbstractLifeCycle.start(AbstractLifeCycle.java:39)
	at org.mortbay.jetty.plugin.Jetty6PluginServer.start(Jetty6PluginServer.java:132)
	at org.mortbay.jetty.plugin.AbstractJettyMojo.startJetty(AbstractJettyMojo.java:371)
	at org.mortbay.jetty.plugin.AbstractJettyMojo.execute(AbstractJettyMojo.java:307)
	at org.mortbay.jetty.plugin.AbstractJettyRunMojo.execute(AbstractJettyRunMojo.java:203)
	at org.mortbay.jetty.plugin.Jetty6RunMojo.execute(Jetty6RunMojo.java:184)
	at org.apache.maven.plugin.DefaultBuildPluginManager.executeMojo(DefaultBuildPluginManager.java:132)
	at org.apache.maven.lifecycle.internal.MojoExecutor.execute(MojoExecutor.java:208)
	at org.apache.maven.lifecycle.internal.MojoExecutor.execute(MojoExecutor.java:153)
	at org.apache.maven.lifecycle.internal.MojoExecutor.execute(MojoExecutor.java:145)
	at org.apache.maven.lifecycle.internal.LifecycleModuleBuilder.buildProject(LifecycleModuleBuilder.java:116)
	at org.apache.maven.lifecycle.internal.LifecycleModuleBuilder.buildProject(LifecycleModuleBuilder.java:80)
	at org.apache.maven.lifecycle.internal.builder.singlethreaded.SingleThreadedBuilder.build(SingleThreadedBuilder.java:51)
	at org.apache.maven.lifecycle.internal.LifecycleStarter.execute(LifecycleStarter.java:120)
	at org.apache.maven.DefaultMaven.doExecute(DefaultMaven.java:347)
	at org.apache.maven.DefaultMaven.execute(DefaultMaven.java:154)
	at org.apache.maven.cli.MavenCli.execute(MavenCli.java:584)
	at org.apache.maven.cli.MavenCli.doMain(MavenCli.java:213)
	at org.apache.maven.cli.MavenCli.main(MavenCli.java:157)
	at sun.reflect.NativeMethodAccessorImpl.invoke0(Native Method)
	at sun.reflect.NativeMethodAccessorImpl.invoke(NativeMethodAccessorImpl.java:57)
	at sun.reflect.DelegatingMethodAccessorImpl.invoke(DelegatingMethodAccessorImpl.java:43)
	at java.lang.reflect.Method.invoke(Method.java:606)
	at org.codehaus.plexus.classworlds.launcher.Launcher.launchEnhanced(Launcher.java:289)
	at org.codehaus.plexus.classworlds.launcher.Launcher.launch(Launcher.java:229)
	at org.codehaus.plexus.classworlds.launcher.Launcher.mainWithExitCode(Launcher.java:415)
	at org.codehaus.plexus.classworlds.launcher.Launcher.main(Launcher.java:356)
Caused by: org.springframework.beans.factory.BeanCreationException: Error creating bean with name 'sessionFactory' defined in class path resource [beans.xml]: Invocation of init method failed; nested exception is java.lang.IncompatibleClassChangeError: Implementing class
	at org.springframework.beans.factory.support.AbstractAutowireCapableBeanFactory.initializeBean(AbstractAutowireCapableBeanFactory.java:1568)
	at org.springframework.beans.factory.support.AbstractAutowireCapableBeanFactory.doCreateBean(AbstractAutowireCapableBeanFactory.java:540)
	at org.springframework.beans.factory.support.AbstractAutowireCapableBeanFactory.createBean(AbstractAutowireCapableBeanFactory.java:476)
	at org.springframework.beans.factory.support.AbstractBeanFactory$1.getObject(AbstractBeanFactory.java:302)
	at org.springframework.beans.factory.support.DefaultSingletonBeanRegistry.getSingleton(DefaultSingletonBeanRegistry.java:229)
	at org.springframework.beans.factory.support.AbstractBeanFactory.doGetBean(AbstractBeanFactory.java:298)
	at org.springframework.beans.factory.support.AbstractBeanFactory.getBean(AbstractBeanFactory.java:193)
	at org.springframework.beans.factory.support.BeanDefinitionValueResolver.resolveReference(BeanDefinitionValueResolver.java:328)
	... 56 more
Caused by: java.lang.IncompatibleClassChangeError: Implementing class
	at java.lang.ClassLoader.defineClass1(Native Method)
	at java.lang.ClassLoader.defineClass(ClassLoader.java:800)
	at java.security.SecureClassLoader.defineClass(SecureClassLoader.java:142)
	at java.net.URLClassLoader.defineClass(URLClassLoader.java:449)
	at java.net.URLClassLoader.access$100(URLClassLoader.java:71)
	at java.net.URLClassLoader$1.run(URLClassLoader.java:361)
	at java.net.URLClassLoader$1.run(URLClassLoader.java:355)
	at java.security.AccessController.doPrivileged(Native Method)
	at java.net.URLClassLoader.findClass(URLClassLoader.java:354)
	at org.mortbay.jetty.webapp.WebAppClassLoader.loadClass(WebAppClassLoader.java:366)
	at org.mortbay.jetty.webapp.WebAppClassLoader.loadClass(WebAppClassLoader.java:337)
	at java.lang.Class.getDeclaredConstructors0(Native Method)
	at java.lang.Class.privateGetDeclaredConstructors(Class.java:2532)
	at java.lang.Class.getConstructor0(Class.java:2842)
	at java.lang.Class.getDeclaredConstructor(Class.java:2053)
	at org.springframework.beans.BeanUtils.instantiateClass(BeanUtils.java:104)
	at org.springframework.orm.hibernate3.LocalSessionFactoryBean.newConfiguration(LocalSessionFactoryBean.java:751)
	at org.springframework.orm.hibernate3.LocalSessionFactoryBean.buildSessionFactory(LocalSessionFactoryBean.java:505)
	at org.springframework.orm.hibernate3.AbstractSessionFactoryBean.afterPropertiesSet(AbstractSessionFactoryBean.java:189)
	at org.springframework.beans.factory.support.AbstractAutowireCapableBeanFactory.invokeInitMethods(AbstractAutowireCapableBeanFactory.java:1627)
	at org.springframework.beans.factory.support.AbstractAutowireCapableBeanFactory.initializeBean(AbstractAutowireCapableBeanFactory.java:1564)
	... 63 more
13:06:19,358  INFO ContextLoader:285 - Root WebApplicationContext: initialization started
13:06:19,501  INFO XmlWebApplicationContext:513 - Refreshing Root WebApplicationContext: startup date [Wed Sep 10 13:06:19 EAT 2014]; root of context hierarchy
13:06:19,588  INFO XmlBeanDefinitionReader:316 - Loading XML bean definitions from class path resource [beans.xml]
13:06:19,954  INFO PropertyPlaceholderConfigurer:172 - Loading properties file from ServletContext resource [/jdbc.properties]
13:06:19,958 ERROR ContextLoader:331 - Context initialization failed
org.springframework.beans.factory.BeanInitializationException: Could not load properties; nested exception is java.io.FileNotFoundException: Could not open ServletContext resource [/jdbc.properties]
	at org.springframework.beans.factory.config.PropertyResourceConfigurer.postProcessBeanFactory(PropertyResourceConfigurer.java:89)
	at org.springframework.context.support.PostProcessorRegistrationDelegate.invokeBeanFactoryPostProcessors(PostProcessorRegistrationDelegate.java:265)
	at org.springframework.context.support.PostProcessorRegistrationDelegate.invokeBeanFactoryPostProcessors(PostProcessorRegistrationDelegate.java:162)
	at org.springframework.context.support.AbstractApplicationContext.invokeBeanFactoryPostProcessors(AbstractApplicationContext.java:609)
	at org.springframework.context.support.AbstractApplicationContext.refresh(AbstractApplicationContext.java:464)
	at org.springframework.web.context.ContextLoader.configureAndRefreshWebApplicationContext(ContextLoader.java:403)
	at org.springframework.web.context.ContextLoader.initWebApplicationContext(ContextLoader.java:306)
	at org.springframework.web.context.ContextLoaderListener.contextInitialized(ContextLoaderListener.java:106)
	at org.mortbay.jetty.handler.ContextHandler.startContext(ContextHandler.java:540)
	at org.mortbay.jetty.servlet.Context.startContext(Context.java:135)
	at org.mortbay.jetty.webapp.WebAppContext.startContext(WebAppContext.java:1220)
	at org.mortbay.jetty.handler.ContextHandler.doStart(ContextHandler.java:510)
	at org.mortbay.jetty.webapp.WebAppContext.doStart(WebAppContext.java:448)
	at org.mortbay.jetty.plugin.Jetty6PluginWebAppContext.doStart(Jetty6PluginWebAppContext.java:110)
	at org.mortbay.component.AbstractLifeCycle.start(AbstractLifeCycle.java:39)
	at org.mortbay.jetty.handler.HandlerCollection.doStart(HandlerCollection.java:152)
	at org.mortbay.jetty.handler.ContextHandlerCollection.doStart(ContextHandlerCollection.java:156)
	at org.mortbay.component.AbstractLifeCycle.start(AbstractLifeCycle.java:39)
	at org.mortbay.jetty.handler.HandlerCollection.doStart(HandlerCollection.java:152)
	at org.mortbay.component.AbstractLifeCycle.start(AbstractLifeCycle.java:39)
	at org.mortbay.jetty.handler.HandlerWrapper.doStart(HandlerWrapper.java:130)
	at org.mortbay.jetty.Server.doStart(Server.java:222)
	at org.mortbay.component.AbstractLifeCycle.start(AbstractLifeCycle.java:39)
	at org.mortbay.jetty.plugin.Jetty6PluginServer.start(Jetty6PluginServer.java:132)
	at org.mortbay.jetty.plugin.AbstractJettyMojo.startJetty(AbstractJettyMojo.java:371)
	at org.mortbay.jetty.plugin.AbstractJettyMojo.execute(AbstractJettyMojo.java:307)
	at org.mortbay.jetty.plugin.AbstractJettyRunMojo.execute(AbstractJettyRunMojo.java:203)
	at org.mortbay.jetty.plugin.Jetty6RunMojo.execute(Jetty6RunMojo.java:184)
	at org.apache.maven.plugin.DefaultBuildPluginManager.executeMojo(DefaultBuildPluginManager.java:132)
	at org.apache.maven.lifecycle.internal.MojoExecutor.execute(MojoExecutor.java:208)
	at org.apache.maven.lifecycle.internal.MojoExecutor.execute(MojoExecutor.java:153)
	at org.apache.maven.lifecycle.internal.MojoExecutor.execute(MojoExecutor.java:145)
	at org.apache.maven.lifecycle.internal.LifecycleModuleBuilder.buildProject(LifecycleModuleBuilder.java:116)
	at org.apache.maven.lifecycle.internal.LifecycleModuleBuilder.buildProject(LifecycleModuleBuilder.java:80)
	at org.apache.maven.lifecycle.internal.builder.singlethreaded.SingleThreadedBuilder.build(SingleThreadedBuilder.java:51)
	at org.apache.maven.lifecycle.internal.LifecycleStarter.execute(LifecycleStarter.java:120)
	at org.apache.maven.DefaultMaven.doExecute(DefaultMaven.java:347)
	at org.apache.maven.DefaultMaven.execute(DefaultMaven.java:154)
	at org.apache.maven.cli.MavenCli.execute(MavenCli.java:584)
	at org.apache.maven.cli.MavenCli.doMain(MavenCli.java:213)
	at org.apache.maven.cli.MavenCli.main(MavenCli.java:157)
	at sun.reflect.NativeMethodAccessorImpl.invoke0(Native Method)
	at sun.reflect.NativeMethodAccessorImpl.invoke(NativeMethodAccessorImpl.java:57)
	at sun.reflect.DelegatingMethodAccessorImpl.invoke(DelegatingMethodAccessorImpl.java:43)
	at java.lang.reflect.Method.invoke(Method.java:606)
	at org.codehaus.plexus.classworlds.launcher.Launcher.launchEnhanced(Launcher.java:289)
	at org.codehaus.plexus.classworlds.launcher.Launcher.launch(Launcher.java:229)
	at org.codehaus.plexus.classworlds.launcher.Launcher.mainWithExitCode(Launcher.java:415)
	at org.codehaus.plexus.classworlds.launcher.Launcher.main(Launcher.java:356)
Caused by: java.io.FileNotFoundException: Could not open ServletContext resource [/jdbc.properties]
	at org.springframework.web.context.support.ServletContextResource.getInputStream(ServletContextResource.java:141)
	at org.springframework.core.io.support.EncodedResource.getInputStream(EncodedResource.java:143)
	at org.springframework.core.io.support.PropertiesLoaderUtils.fillProperties(PropertiesLoaderUtils.java:98)
	at org.springframework.core.io.support.PropertiesLoaderSupport.loadProperties(PropertiesLoaderSupport.java:175)
	at org.springframework.core.io.support.PropertiesLoaderSupport.mergeProperties(PropertiesLoaderSupport.java:156)
	at org.springframework.beans.factory.config.PropertyResourceConfigurer.postProcessBeanFactory(PropertyResourceConfigurer.java:80)
	... 48 more
13:07:33,023  INFO ContextLoader:285 - Root WebApplicationContext: initialization started
13:07:33,128  INFO XmlWebApplicationContext:513 - Refreshing Root WebApplicationContext: startup date [Wed Sep 10 13:07:33 EAT 2014]; root of context hierarchy
13:07:33,177  INFO XmlBeanDefinitionReader:316 - Loading XML bean definitions from class path resource [beans.xml]
13:07:33,408  INFO PropertyPlaceholderConfigurer:172 - Loading properties file from class path resource [jdbc.properties]
13:07:33,595 ERROR ContextLoader:331 - Context initialization failed
org.springframework.beans.factory.BeanCreationException: Error creating bean with name 'employeeDAO' defined in class path resource [beans.xml]: Cannot resolve reference to bean 'sessionFactory' while setting bean property 'sessionFactory'; nested exception is org.springframework.beans.factory.BeanCreationException: Error creating bean with name 'sessionFactory' defined in class path resource [beans.xml]: Invocation of init method failed; nested exception is java.lang.IncompatibleClassChangeError: Implementing class
	at org.springframework.beans.factory.support.BeanDefinitionValueResolver.resolveReference(BeanDefinitionValueResolver.java:336)
	at org.springframework.beans.factory.support.BeanDefinitionValueResolver.resolveValueIfNecessary(BeanDefinitionValueResolver.java:108)
	at org.springframework.beans.factory.support.AbstractAutowireCapableBeanFactory.applyPropertyValues(AbstractAutowireCapableBeanFactory.java:1471)
	at org.springframework.beans.factory.support.AbstractAutowireCapableBeanFactory.populateBean(AbstractAutowireCapableBeanFactory.java:1216)
	at org.springframework.beans.factory.support.AbstractAutowireCapableBeanFactory.doCreateBean(AbstractAutowireCapableBeanFactory.java:538)
	at org.springframework.beans.factory.support.AbstractAutowireCapableBeanFactory.createBean(AbstractAutowireCapableBeanFactory.java:476)
	at org.springframework.beans.factory.support.AbstractBeanFactory$1.getObject(AbstractBeanFactory.java:302)
	at org.springframework.beans.factory.support.DefaultSingletonBeanRegistry.getSingleton(DefaultSingletonBeanRegistry.java:229)
	at org.springframework.beans.factory.support.AbstractBeanFactory.doGetBean(AbstractBeanFactory.java:298)
	at org.springframework.beans.factory.support.AbstractBeanFactory.getBean(AbstractBeanFactory.java:193)
	at org.springframework.beans.factory.support.DefaultListableBeanFactory.preInstantiateSingletons(DefaultListableBeanFactory.java:725)
	at org.springframework.context.support.AbstractApplicationContext.finishBeanFactoryInitialization(AbstractApplicationContext.java:760)
	at org.springframework.context.support.AbstractApplicationContext.refresh(AbstractApplicationContext.java:482)
	at org.springframework.web.context.ContextLoader.configureAndRefreshWebApplicationContext(ContextLoader.java:403)
	at org.springframework.web.context.ContextLoader.initWebApplicationContext(ContextLoader.java:306)
	at org.springframework.web.context.ContextLoaderListener.contextInitialized(ContextLoaderListener.java:106)
	at org.mortbay.jetty.handler.ContextHandler.startContext(ContextHandler.java:540)
	at org.mortbay.jetty.servlet.Context.startContext(Context.java:135)
	at org.mortbay.jetty.webapp.WebAppContext.startContext(WebAppContext.java:1220)
	at org.mortbay.jetty.handler.ContextHandler.doStart(ContextHandler.java:510)
	at org.mortbay.jetty.webapp.WebAppContext.doStart(WebAppContext.java:448)
	at org.mortbay.jetty.plugin.Jetty6PluginWebAppContext.doStart(Jetty6PluginWebAppContext.java:110)
	at org.mortbay.component.AbstractLifeCycle.start(AbstractLifeCycle.java:39)
	at org.mortbay.jetty.handler.HandlerCollection.doStart(HandlerCollection.java:152)
	at org.mortbay.jetty.handler.ContextHandlerCollection.doStart(ContextHandlerCollection.java:156)
	at org.mortbay.component.AbstractLifeCycle.start(AbstractLifeCycle.java:39)
	at org.mortbay.jetty.handler.HandlerCollection.doStart(HandlerCollection.java:152)
	at org.mortbay.component.AbstractLifeCycle.start(AbstractLifeCycle.java:39)
	at org.mortbay.jetty.handler.HandlerWrapper.doStart(HandlerWrapper.java:130)
	at org.mortbay.jetty.Server.doStart(Server.java:222)
	at org.mortbay.component.AbstractLifeCycle.start(AbstractLifeCycle.java:39)
	at org.mortbay.jetty.plugin.Jetty6PluginServer.start(Jetty6PluginServer.java:132)
	at org.mortbay.jetty.plugin.AbstractJettyMojo.startJetty(AbstractJettyMojo.java:371)
	at org.mortbay.jetty.plugin.AbstractJettyMojo.execute(AbstractJettyMojo.java:307)
	at org.mortbay.jetty.plugin.AbstractJettyRunMojo.execute(AbstractJettyRunMojo.java:203)
	at org.mortbay.jetty.plugin.Jetty6RunMojo.execute(Jetty6RunMojo.java:184)
	at org.apache.maven.plugin.DefaultBuildPluginManager.executeMojo(DefaultBuildPluginManager.java:132)
	at org.apache.maven.lifecycle.internal.MojoExecutor.execute(MojoExecutor.java:208)
	at org.apache.maven.lifecycle.internal.MojoExecutor.execute(MojoExecutor.java:153)
	at org.apache.maven.lifecycle.internal.MojoExecutor.execute(MojoExecutor.java:145)
	at org.apache.maven.lifecycle.internal.LifecycleModuleBuilder.buildProject(LifecycleModuleBuilder.java:116)
	at org.apache.maven.lifecycle.internal.LifecycleModuleBuilder.buildProject(LifecycleModuleBuilder.java:80)
	at org.apache.maven.lifecycle.internal.builder.singlethreaded.SingleThreadedBuilder.build(SingleThreadedBuilder.java:51)
	at org.apache.maven.lifecycle.internal.LifecycleStarter.execute(LifecycleStarter.java:120)
	at org.apache.maven.DefaultMaven.doExecute(DefaultMaven.java:347)
	at org.apache.maven.DefaultMaven.execute(DefaultMaven.java:154)
	at org.apache.maven.cli.MavenCli.execute(MavenCli.java:584)
	at org.apache.maven.cli.MavenCli.doMain(MavenCli.java:213)
	at org.apache.maven.cli.MavenCli.main(MavenCli.java:157)
	at sun.reflect.NativeMethodAccessorImpl.invoke0(Native Method)
	at sun.reflect.NativeMethodAccessorImpl.invoke(NativeMethodAccessorImpl.java:57)
	at sun.reflect.DelegatingMethodAccessorImpl.invoke(DelegatingMethodAccessorImpl.java:43)
	at java.lang.reflect.Method.invoke(Method.java:606)
	at org.codehaus.plexus.classworlds.launcher.Launcher.launchEnhanced(Launcher.java:289)
	at org.codehaus.plexus.classworlds.launcher.Launcher.launch(Launcher.java:229)
	at org.codehaus.plexus.classworlds.launcher.Launcher.mainWithExitCode(Launcher.java:415)
	at org.codehaus.plexus.classworlds.launcher.Launcher.main(Launcher.java:356)
Caused by: org.springframework.beans.factory.BeanCreationException: Error creating bean with name 'sessionFactory' defined in class path resource [beans.xml]: Invocation of init method failed; nested exception is java.lang.IncompatibleClassChangeError: Implementing class
	at org.springframework.beans.factory.support.AbstractAutowireCapableBeanFactory.initializeBean(AbstractAutowireCapableBeanFactory.java:1568)
	at org.springframework.beans.factory.support.AbstractAutowireCapableBeanFactory.doCreateBean(AbstractAutowireCapableBeanFactory.java:540)
	at org.springframework.beans.factory.support.AbstractAutowireCapableBeanFactory.createBean(AbstractAutowireCapableBeanFactory.java:476)
	at org.springframework.beans.factory.support.AbstractBeanFactory$1.getObject(AbstractBeanFactory.java:302)
	at org.springframework.beans.factory.support.DefaultSingletonBeanRegistry.getSingleton(DefaultSingletonBeanRegistry.java:229)
	at org.springframework.beans.factory.support.AbstractBeanFactory.doGetBean(AbstractBeanFactory.java:298)
	at org.springframework.beans.factory.support.AbstractBeanFactory.getBean(AbstractBeanFactory.java:193)
	at org.springframework.beans.factory.support.BeanDefinitionValueResolver.resolveReference(BeanDefinitionValueResolver.java:328)
	... 56 more
Caused by: java.lang.IncompatibleClassChangeError: Implementing class
	at java.lang.ClassLoader.defineClass1(Native Method)
	at java.lang.ClassLoader.defineClass(ClassLoader.java:800)
	at java.security.SecureClassLoader.defineClass(SecureClassLoader.java:142)
	at java.net.URLClassLoader.defineClass(URLClassLoader.java:449)
	at java.net.URLClassLoader.access$100(URLClassLoader.java:71)
	at java.net.URLClassLoader$1.run(URLClassLoader.java:361)
	at java.net.URLClassLoader$1.run(URLClassLoader.java:355)
	at java.security.AccessController.doPrivileged(Native Method)
	at java.net.URLClassLoader.findClass(URLClassLoader.java:354)
	at org.mortbay.jetty.webapp.WebAppClassLoader.loadClass(WebAppClassLoader.java:366)
	at org.mortbay.jetty.webapp.WebAppClassLoader.loadClass(WebAppClassLoader.java:337)
	at java.lang.Class.getDeclaredConstructors0(Native Method)
	at java.lang.Class.privateGetDeclaredConstructors(Class.java:2532)
	at java.lang.Class.getConstructor0(Class.java:2842)
	at java.lang.Class.getDeclaredConstructor(Class.java:2053)
	at org.springframework.beans.BeanUtils.instantiateClass(BeanUtils.java:104)
	at org.springframework.orm.hibernate3.LocalSessionFactoryBean.newConfiguration(LocalSessionFactoryBean.java:751)
	at org.springframework.orm.hibernate3.LocalSessionFactoryBean.buildSessionFactory(LocalSessionFactoryBean.java:505)
	at org.springframework.orm.hibernate3.AbstractSessionFactoryBean.afterPropertiesSet(AbstractSessionFactoryBean.java:189)
	at org.springframework.beans.factory.support.AbstractAutowireCapableBeanFactory.invokeInitMethods(AbstractAutowireCapableBeanFactory.java:1627)
	at org.springframework.beans.factory.support.AbstractAutowireCapableBeanFactory.initializeBean(AbstractAutowireCapableBeanFactory.java:1564)
	... 63 more
